# JRE version: OpenJDK Runtime Environment (8.0_111-b14) (build 1.8.0_111-8u111-b14-3~14.04.1-b14)
# Java VM: OpenJDK 64-Bit Server VM (25.111-b14 mixed mode linux-amd64 compressed oops)
Heap:
 def new generation   total 314624K, used 151168K [0x00000000a2400000, 0x00000000b7960000, 0x00000000c1800000)
  eden space 279680K,  53% used [0x00000000a2400000, 0x00000000ab6dea50, 0x00000000b3520000)
  from space 34944K,   2% used [0x00000000b5740000, 0x00000000b5801760, 0x00000000b7960000)
  to   space 34944K,   0% used [0x00000000b3520000, 0x00000000b3520000, 0x00000000b5740000)
 tenured generation   total 699072K, used 237234K [0x00000000c1800000, 0x00000000ec2b0000, 0x0000000100000000)
   the space 699072K,  33% used [0x00000000c1800000, 0x00000000cffac8f8, 0x00000000cffaca00, 0x00000000ec2b0000)
 Metaspace       used 31621K, capacity 32010K, committed 32128K, reserved 1077248K
  class space    used 3811K, capacity 3943K, committed 3968K, reserved 1048576K
GC Heap History (10 events):
Event: 2565.974 GC heap before
{Heap before GC invocations=107 (full 1):
 def new generation   total 314624K, used 291627K [0x00000000a2400000, 0x00000000b7960000, 0x00000000c1800000)
  eden space 279680K, 100% used [0x00000000a2400000, 0x00000000b3520000, 0x00000000b3520000)
  from space 34944K,  34% used [0x00000000b3520000, 0x00000000b40cad10, 0x00000000b5740000)
  to   space 34944K,   0% used [0x00000000b5740000, 0x00000000b5740000, 0x00000000b7960000)
 tenured generation   total 699072K, used 227200K [0x00000000c1800000, 0x00000000ec2b0000, 0x0000000100000000)
   the space 699072K,  32% used [0x00000000c1800000, 0x00000000cf5e00f0, 0x00000000cf5e0200, 0x00000000ec2b0000)
 Metaspace       used 31597K, capacity 31946K, committed 32128K, reserved 1077248K
  class space    used 3809K, capacity 3943K, committed 3968K, reserved 1048576K
Event: 2566.801 GC heap after
Heap after GC invocations=108 (full 1):
 def new generation   total 314624K, used 10852K [0x00000000a2400000, 0x00000000b7960000, 0x00000000c1800000)
  eden space 279680K,   0% used [0x00000000a2400000, 0x00000000a2400000, 0x00000000b3520000)
  from space 34944K,  31% used [0x00000000b5740000, 0x00000000b61d90a8, 0x00000000b7960000)
  to   space 34944K,   0% used [0x00000000b3520000, 0x00000000b3520000, 0x00000000b5740000)
 tenured generation   total 699072K, used 227200K [0x00000000c1800000, 0x00000000ec2b0000, 0x0000000100000000)
   the space 699072K,  32% used [0x00000000c1800000, 0x00000000cf5e00f0, 0x00000000cf5e0200, 0x00000000ec2b0000)
 Metaspace       used 31597K, capacity 31946K, committed 32128K, reserved 1077248K
  class space    used 3809K, capacity 3943K, committed 3968K, reserved 1048576K
}
Event: 2590.648 GC heap before
{Heap before GC invocations=108 (full 1):
 def new generation   total 314624K, used 290532K [0x00000000a2400000, 0x00000000b7960000, 0x00000000c1800000)
  eden space 279680K, 100% used [0x00000000a2400000, 0x00000000b3520000, 0x00000000b3520000)
  from space 34944K,  31% used [0x00000000b5740000, 0x00000000b61d90a8, 0x00000000b7960000)
  to   space 34944K,   0% used [0x00000000b3520000, 0x00000000b3520000, 0x00000000b5740000)
 tenured generation   total 699072K, used 227200K [0x00000000c1800000, 0x00000000ec2b0000, 0x0000000100000000)
   the space 699072K,  32% used [0x00000000c1800000, 0x00000000cf5e00f0, 0x00000000cf5e0200, 0x00000000ec2b0000)
 Metaspace       used 31597K, capacity 31946K, committed 32128K, reserved 1077248K
  class space    used 3809K, capacity 3943K, committed 3968K, reserved 1048576K
Event: 2590.697 GC heap after
Heap after GC invocations=109 (full 1):
 def new generation   total 314624K, used 10871K [0x00000000a2400000, 0x00000000b7960000, 0x00000000c1800000)
  eden space 279680K,   0% used [0x00000000a2400000, 0x00000000a2400000, 0x00000000b3520000)
  from space 34944K,  31% used [0x00000000b3520000, 0x00000000b3fbdd58, 0x00000000b5740000)
  to   space 34944K,   0% used [0x00000000b5740000, 0x00000000b5740000, 0x00000000b7960000)
 tenured generation   total 699072K, used 227200K [0x00000000c1800000, 0x00000000ec2b0000, 0x0000000100000000)
   the space 699072K,  32% used [0x00000000c1800000, 0x00000000cf5e00f0, 0x00000000cf5e0200, 0x00000000ec2b0000)
 Metaspace       used 31597K, capacity 31946K, committed 32128K, reserved 1077248K
  class space    used 3809K, capacity 3943K, committed 3968K, reserved 1048576K
}
Event: 2608.670 GC heap before
{Heap before GC invocations=109 (full 1):
 def new generation   total 314624K, used 290551K [0x00000000a2400000, 0x00000000b7960000, 0x00000000c1800000)
  eden space 279680K, 100% used [0x00000000a2400000, 0x00000000b3520000, 0x00000000b3520000)
  from space 34944K,  31% used [0x00000000b3520000, 0x00000000b3fbdd58, 0x00000000b5740000)
  to   space 34944K,   0% used [0x00000000b5740000, 0x00000000b5740000, 0x00000000b7960000)
 tenured generation   total 699072K, used 227200K [0x00000000c1800000, 0x00000000ec2b0000, 0x0000000100000000)
   the space 699072K,  32% used [0x00000000c1800000, 0x00000000cf5e00f0, 0x00000000cf5e0200, 0x00000000ec2b0000)
 Metaspace       used 31598K, capacity 31946K, committed 32128K, reserved 1077248K
  class space    used 3809K, capacity 3943K, committed 3968K, reserved 1048576K
Event: 2609.103 GC heap after
Heap after GC invocations=110 (full 1):
 def new generation   total 314624K, used 10821K [0x00000000a2400000, 0x00000000b7960000, 0x00000000c1800000)
  eden space 279680K,   0% used [0x00000000a2400000, 0x00000000a2400000, 0x00000000b3520000)
  from space 34944K,  30% used [0x00000000b5740000, 0x00000000b61d1578, 0x00000000b7960000)
  to   space 34944K,   0% used [0x00000000b3520000, 0x00000000b3520000, 0x00000000b5740000)
 tenured generation   total 699072K, used 227200K [0x00000000c1800000, 0x00000000ec2b0000, 0x0000000100000000)
   the space 699072K,  32% used [0x00000000c1800000, 0x00000000cf5e00f0, 0x00000000cf5e0200, 0x00000000ec2b0000)
 Metaspace       used 31598K, capacity 31946K, committed 32128K, reserved 1077248K
  class space    used 3809K, capacity 3943K, committed 3968K, reserved 1048576K
}
Event: 2633.565 GC heap before
{Heap before GC invocations=110 (full 1):
 def new generation   total 314624K, used 289361K [0x00000000a2400000, 0x00000000b7960000, 0x00000000c1800000)
  eden space 279680K,  99% used [0x00000000a2400000, 0x00000000b34030e8, 0x00000000b3520000)
  from space 34944K,  30% used [0x00000000b5740000, 0x00000000b61d1578, 0x00000000b7960000)
  to   space 34944K,   0% used [0x00000000b3520000, 0x00000000b3520000, 0x00000000b5740000)
 tenured generation   total 699072K, used 227200K [0x00000000c1800000, 0x00000000ec2b0000, 0x0000000100000000)
   the space 699072K,  32% used [0x00000000c1800000, 0x00000000cf5e00f0, 0x00000000cf5e0200, 0x00000000ec2b0000)
 Metaspace       used 31609K, capacity 32010K, committed 32128K, reserved 1077248K
  class space    used 3809K, capacity 3943K, committed 3968K, reserved 1048576K
Event: 2633.917 GC heap after
Heap after GC invocations=111 (full 1):
 def new generation   total 314624K, used 14158K [0x00000000a2400000, 0x00000000b7960000, 0x00000000c1800000)
  eden space 279680K,   0% used [0x00000000a2400000, 0x00000000a2400000, 0x00000000b3520000)
  from space 34944K,  40% used [0x00000000b3520000, 0x00000000b42f3ba0, 0x00000000b5740000)
  to   space 34944K,   0% used [0x00000000b5740000, 0x00000000b5740000, 0x00000000b7960000)
 tenured generation   total 699072K, used 227200K [0x00000000c1800000, 0x00000000ec2b0000, 0x0000000100000000)
   the space 699072K,  32% used [0x00000000c1800000, 0x00000000cf5e00f0, 0x00000000cf5e0200, 0x00000000ec2b0000)
 Metaspace       used 31609K, capacity 32010K, committed 32128K, reserved 1077248K
  class space    used 3809K, capacity 3943K, committed 3968K, reserved 1048576K
}
Event: 2652.577 GC heap before
{Heap before GC invocations=111 (full 1):
 def new generation   total 314624K, used 293838K [0x00000000a2400000, 0x00000000b7960000, 0x00000000c1800000)
  eden space 279680K, 100% used [0x00000000a2400000, 0x00000000b3520000, 0x00000000b3520000)
  from space 34944K,  40% used [0x00000000b3520000, 0x00000000b42f3ba0, 0x00000000b5740000)
  to   space 34944K,   0% used [0x00000000b5740000, 0x00000000b5740000, 0x00000000b7960000)
 tenured generation   total 699072K, used 227200K [0x00000000c1800000, 0x00000000ec2b0000, 0x0000000100000000)
   the space 699072K,  32% used [0x00000000c1800000, 0x00000000cf5e00f0, 0x00000000cf5e0200, 0x00000000ec2b0000)
 Metaspace       used 31614K, capacity 32010K, committed 32128K, reserved 1077248K
  class space    used 3809K, capacity 3943K, committed 3968K, reserved 1048576K
Event: 2652.668 GC heap after
Heap after GC invocations=112 (full 1):
 def new generation   total 314624K, used 773K [0x00000000a2400000, 0x00000000b7960000, 0x00000000c1800000)
  eden space 279680K,   0% used [0x00000000a2400000, 0x00000000a2400000, 0x00000000b3520000)
  from space 34944K,   2% used [0x00000000b5740000, 0x00000000b5801760, 0x00000000b7960000)
  to   space 34944K,   0% used [0x00000000b3520000, 0x00000000b3520000, 0x00000000b5740000)
 tenured generation   total 699072K, used 237234K [0x00000000c1800000, 0x00000000ec2b0000, 0x0000000100000000)
   the space 699072K,  33% used [0x00000000c1800000, 0x00000000cffac8f8, 0x00000000cffaca00, 0x00000000ec2b0000)
 Metaspace       used 31614K, capacity 32010K, committed 32128K, reserved 1077248K
  class space    used 3809K, capacity 3943K, committed 3968K, reserved 1048576K
}

