# JRE version: OpenJDK Runtime Environment (8.0_111-b14) (build 1.8.0_111-8u111-b14-3~14.04.1-b14)
# Java VM: OpenJDK 64-Bit Server VM (25.111-b14 mixed mode linux-amd64 compressed oops)
Heap:
 def new generation   total 314560K, used 79852K [0x00000000c0000000, 0x00000000d5550000, 0x00000000d5550000)
  eden space 279616K,  19% used [0x00000000c0000000, 0x00000000c34aecf8, 0x00000000d1110000)
  from space 34944K,  74% used [0x00000000d3330000, 0x00000000d4c7c5d0, 0x00000000d5550000)
  to   space 34944K,   0% used [0x00000000d1110000, 0x00000000d1110000, 0x00000000d3330000)
 tenured generation   total 699072K, used 299353K [0x00000000d5550000, 0x0000000100000000, 0x0000000100000000)
   the space 699072K,  42% used [0x00000000d5550000, 0x00000000e79a67f0, 0x00000000e79a6800, 0x0000000100000000)
 Metaspace       used 31729K, capacity 32138K, committed 32384K, reserved 1077248K
  class space    used 3820K, capacity 3941K, committed 3968K, reserved 1048576K
GC Heap History (10 events):
Event: 1651.864 GC heap before
{Heap before GC invocations=109 (full 1):
 def new generation   total 314560K, used 299022K [0x00000000c0000000, 0x00000000d5550000, 0x00000000d5550000)
  eden space 279616K, 100% used [0x00000000c0000000, 0x00000000d1110000, 0x00000000d1110000)
  from space 34944K,  55% used [0x00000000d1110000, 0x00000000d2403838, 0x00000000d3330000)
  to   space 34944K,   0% used [0x00000000d3330000, 0x00000000d3330000, 0x00000000d5550000)
 tenured generation   total 699072K, used 271427K [0x00000000d5550000, 0x0000000100000000, 0x0000000100000000)
   the space 699072K,  38% used [0x00000000d5550000, 0x00000000e5e60db8, 0x00000000e5e60e00, 0x0000000100000000)
 Metaspace       used 31666K, capacity 32074K, committed 32384K, reserved 1077248K
  class space    used 3814K, capacity 3941K, committed 3968K, reserved 1048576K
Event: 1651.891 GC heap after
Heap after GC invocations=110 (full 1):
 def new generation   total 314560K, used 20670K [0x00000000c0000000, 0x00000000d5550000, 0x00000000d5550000)
  eden space 279616K,   0% used [0x00000000c0000000, 0x00000000c0000000, 0x00000000d1110000)
  from space 34944K,  59% used [0x00000000d3330000, 0x00000000d475f898, 0x00000000d5550000)
  to   space 34944K,   0% used [0x00000000d1110000, 0x00000000d1110000, 0x00000000d3330000)
 tenured generation   total 699072K, used 274603K [0x00000000d5550000, 0x0000000100000000, 0x0000000100000000)
   the space 699072K,  39% used [0x00000000d5550000, 0x00000000e617ac18, 0x00000000e617ae00, 0x0000000100000000)
 Metaspace       used 31666K, capacity 32074K, committed 32384K, reserved 1077248K
  class space    used 3814K, capacity 3941K, committed 3968K, reserved 1048576K
}
Event: 1661.511 GC heap before
{Heap before GC invocations=110 (full 1):
 def new generation   total 314560K, used 300286K [0x00000000c0000000, 0x00000000d5550000, 0x00000000d5550000)
  eden space 279616K, 100% used [0x00000000c0000000, 0x00000000d1110000, 0x00000000d1110000)
  from space 34944K,  59% used [0x00000000d3330000, 0x00000000d475f898, 0x00000000d5550000)
  to   space 34944K,   0% used [0x00000000d1110000, 0x00000000d1110000, 0x00000000d3330000)
 tenured generation   total 699072K, used 274603K [0x00000000d5550000, 0x0000000100000000, 0x0000000100000000)
   the space 699072K,  39% used [0x00000000d5550000, 0x00000000e617ac18, 0x00000000e617ae00, 0x0000000100000000)
 Metaspace       used 31672K, capacity 32074K, committed 32384K, reserved 1077248K
  class space    used 3814K, capacity 3941K, committed 3968K, reserved 1048576K
Event: 1661.552 GC heap after
Heap after GC invocations=111 (full 1):
 def new generation   total 314560K, used 21186K [0x00000000c0000000, 0x00000000d5550000, 0x00000000d5550000)
  eden space 279616K,   0% used [0x00000000c0000000, 0x00000000c0000000, 0x00000000d1110000)
  from space 34944K,  60% used [0x00000000d1110000, 0x00000000d25c0a20, 0x00000000d3330000)
  to   space 34944K,   0% used [0x00000000d3330000, 0x00000000d3330000, 0x00000000d5550000)
 tenured generation   total 699072K, used 277240K [0x00000000d5550000, 0x0000000100000000, 0x0000000100000000)
   the space 699072K,  39% used [0x00000000d5550000, 0x00000000e640e210, 0x00000000e640e400, 0x0000000100000000)
 Metaspace       used 31672K, capacity 32074K, committed 32384K, reserved 1077248K
  class space    used 3814K, capacity 3941K, committed 3968K, reserved 1048576K
}
Event: 1668.464 GC heap before
{Heap before GC invocations=111 (full 1):
 def new generation   total 314560K, used 300802K [0x00000000c0000000, 0x00000000d5550000, 0x00000000d5550000)
  eden space 279616K, 100% used [0x00000000c0000000, 0x00000000d1110000, 0x00000000d1110000)
  from space 34944K,  60% used [0x00000000d1110000, 0x00000000d25c0a20, 0x00000000d3330000)
  to   space 34944K,   0% used [0x00000000d3330000, 0x00000000d3330000, 0x00000000d5550000)
 tenured generation   total 699072K, used 277240K [0x00000000d5550000, 0x0000000100000000, 0x0000000100000000)
   the space 699072K,  39% used [0x00000000d5550000, 0x00000000e640e210, 0x00000000e640e400, 0x0000000100000000)
 Metaspace       used 31674K, capacity 32074K, committed 32384K, reserved 1077248K
  class space    used 3814K, capacity 3941K, committed 3968K, reserved 1048576K
Event: 1668.530 GC heap after
Heap after GC invocations=112 (full 1):
 def new generation   total 314560K, used 15621K [0x00000000c0000000, 0x00000000d5550000, 0x00000000d5550000)
  eden space 279616K,   0% used [0x00000000c0000000, 0x00000000c0000000, 0x00000000d1110000)
  from space 34944K,  44% used [0x00000000d3330000, 0x00000000d42715f8, 0x00000000d5550000)
  to   space 34944K,   0% used [0x00000000d1110000, 0x00000000d1110000, 0x00000000d3330000)
 tenured generation   total 699072K, used 286230K [0x00000000d5550000, 0x0000000100000000, 0x0000000100000000)
   the space 699072K,  40% used [0x00000000d5550000, 0x00000000e6cd5a40, 0x00000000e6cd5c00, 0x0000000100000000)
 Metaspace       used 31674K, capacity 32074K, committed 32384K, reserved 1077248K
  class space    used 3814K, capacity 3941K, committed 3968K, reserved 1048576K
}
Event: 1690.342 GC heap before
{Heap before GC invocations=112 (full 1):
 def new generation   total 314560K, used 295237K [0x00000000c0000000, 0x00000000d5550000, 0x00000000d5550000)
  eden space 279616K, 100% used [0x00000000c0000000, 0x00000000d1110000, 0x00000000d1110000)
  from space 34944K,  44% used [0x00000000d3330000, 0x00000000d42715f8, 0x00000000d5550000)
  to   space 34944K,   0% used [0x00000000d1110000, 0x00000000d1110000, 0x00000000d3330000)
 tenured generation   total 699072K, used 286230K [0x00000000d5550000, 0x0000000100000000, 0x0000000100000000)
   the space 699072K,  40% used [0x00000000d5550000, 0x00000000e6cd5a40, 0x00000000e6cd5c00, 0x0000000100000000)
 Metaspace       used 31682K, capacity 32074K, committed 32384K, reserved 1077248K
  class space    used 3814K, capacity 3941K, committed 3968K, reserved 1048576K
Event: 1690.397 GC heap after
Heap after GC invocations=113 (full 1):
 def new generation   total 314560K, used 28529K [0x00000000c0000000, 0x00000000d5550000, 0x00000000d5550000)
  eden space 279616K,   0% used [0x00000000c0000000, 0x00000000c0000000, 0x00000000d1110000)
  from space 34944K,  81% used [0x00000000d1110000, 0x00000000d2cec760, 0x00000000d3330000)
  to   space 34944K,   0% used [0x00000000d3330000, 0x00000000d3330000, 0x00000000d5550000)
 tenured generation   total 699072K, used 286230K [0x00000000d5550000, 0x0000000100000000, 0x0000000100000000)
   the space 699072K,  40% used [0x00000000d5550000, 0x00000000e6cd5a40, 0x00000000e6cd5c00, 0x0000000100000000)
 Metaspace       used 31682K, capacity 32074K, committed 32384K, reserved 1077248K
  class space    used 3814K, capacity 3941K, committed 3968K, reserved 1048576K
}
Event: 1703.917 GC heap before
{Heap before GC invocations=113 (full 1):
 def new generation   total 314560K, used 308121K [0x00000000c0000000, 0x00000000d5550000, 0x00000000d5550000)
  eden space 279616K,  99% used [0x00000000c0000000, 0x00000000d1109f98, 0x00000000d1110000)
  from space 34944K,  81% used [0x00000000d1110000, 0x00000000d2cec760, 0x00000000d3330000)
  to   space 34944K,   0% used [0x00000000d3330000, 0x00000000d3330000, 0x00000000d5550000)
 tenured generation   total 699072K, used 286230K [0x00000000d5550000, 0x0000000100000000, 0x0000000100000000)
   the space 699072K,  40% used [0x00000000d5550000, 0x00000000e6cd5a40, 0x00000000e6cd5c00, 0x0000000100000000)
 Metaspace       used 31686K, capacity 32074K, committed 32384K, reserved 1077248K
  class space    used 3814K, capacity 3941K, committed 3968K, reserved 1048576K
Event: 1704.035 GC heap after
Heap after GC invocations=114 (full 1):
 def new generation   total 314560K, used 25905K [0x00000000c0000000, 0x00000000d5550000, 0x00000000d5550000)
  eden space 279616K,   0% used [0x00000000c0000000, 0x00000000c0000000, 0x00000000d1110000)
  from space 34944K,  74% used [0x00000000d3330000, 0x00000000d4c7c5d0, 0x00000000d5550000)
  to   space 34944K,   0% used [0x00000000d1110000, 0x00000000d1110000, 0x00000000d3330000)
 tenured generation   total 699072K, used 299353K [0x00000000d5550000, 0x0000000100000000, 0x0000000100000000)
   the space 699072K,  42% used [0x00000000d5550000, 0x00000000e79a67f0, 0x00000000e79a6800, 0x0000000100000000)
 Metaspace       used 31686K, capacity 32074K, committed 32384K, reserved 1077248K
  class space    used 3814K, capacity 3941K, committed 3968K, reserved 1048576K
}

