# JRE version: OpenJDK Runtime Environment (8.0_111-b14) (build 1.8.0_111-8u111-b14-3~14.04.1-b14)
# Java VM: OpenJDK 64-Bit Server VM (25.111-b14 mixed mode linux-amd64 compressed oops)
Heap:
 def new generation   total 314624K, used 259701K [0x00000000a2400000, 0x00000000b7960000, 0x00000000c1800000)
  eden space 279680K,  88% used [0x00000000a2400000, 0x00000000b16363d0, 0x00000000b3520000)
  from space 34944K,  33% used [0x00000000b3520000, 0x00000000b40870d0, 0x00000000b5740000)
  to   space 34944K,   0% used [0x00000000b5740000, 0x00000000b5740000, 0x00000000b7960000)
 tenured generation   total 699072K, used 227660K [0x00000000c1800000, 0x00000000ec2b0000, 0x0000000100000000)
   the space 699072K,  32% used [0x00000000c1800000, 0x00000000cf6530b8, 0x00000000cf653200, 0x00000000ec2b0000)
 Metaspace       used 32062K, capacity 32488K, committed 32640K, reserved 1077248K
  class space    used 3821K, capacity 3948K, committed 3968K, reserved 1048576K
GC Heap History (10 events):
Event: 2272.767 GC heap before
{Heap before GC invocations=116 (full 1):
 def new generation   total 314624K, used 288717K [0x00000000a2400000, 0x00000000b7960000, 0x00000000c1800000)
  eden space 279680K, 100% used [0x00000000a2400000, 0x00000000b3520000, 0x00000000b3520000)
  from space 34944K,  25% used [0x00000000b5740000, 0x00000000b6013598, 0x00000000b7960000)
  to   space 34944K,   0% used [0x00000000b3520000, 0x00000000b3520000, 0x00000000b5740000)
 tenured generation   total 699072K, used 226569K [0x00000000c1800000, 0x00000000ec2b0000, 0x0000000100000000)
   the space 699072K,  32% used [0x00000000c1800000, 0x00000000cf5425f0, 0x00000000cf542600, 0x00000000ec2b0000)
 Metaspace       used 32030K, capacity 32424K, committed 32640K, reserved 1077248K
  class space    used 3821K, capacity 3948K, committed 3968K, reserved 1048576K
Event: 2272.796 GC heap after
Heap after GC invocations=117 (full 1):
 def new generation   total 314624K, used 10319K [0x00000000a2400000, 0x00000000b7960000, 0x00000000c1800000)
  eden space 279680K,   0% used [0x00000000a2400000, 0x00000000a2400000, 0x00000000b3520000)
  from space 34944K,  29% used [0x00000000b3520000, 0x00000000b3f33e90, 0x00000000b5740000)
  to   space 34944K,   0% used [0x00000000b5740000, 0x00000000b5740000, 0x00000000b7960000)
 tenured generation   total 699072K, used 226569K [0x00000000c1800000, 0x00000000ec2b0000, 0x0000000100000000)
   the space 699072K,  32% used [0x00000000c1800000, 0x00000000cf5425f0, 0x00000000cf542600, 0x00000000ec2b0000)
 Metaspace       used 32030K, capacity 32424K, committed 32640K, reserved 1077248K
  class space    used 3821K, capacity 3948K, committed 3968K, reserved 1048576K
}
Event: 2290.236 GC heap before
{Heap before GC invocations=117 (full 1):
 def new generation   total 314624K, used 289999K [0x00000000a2400000, 0x00000000b7960000, 0x00000000c1800000)
  eden space 279680K, 100% used [0x00000000a2400000, 0x00000000b3520000, 0x00000000b3520000)
  from space 34944K,  29% used [0x00000000b3520000, 0x00000000b3f33e90, 0x00000000b5740000)
  to   space 34944K,   0% used [0x00000000b5740000, 0x00000000b5740000, 0x00000000b7960000)
 tenured generation   total 699072K, used 226569K [0x00000000c1800000, 0x00000000ec2b0000, 0x0000000100000000)
   the space 699072K,  32% used [0x00000000c1800000, 0x00000000cf5425f0, 0x00000000cf542600, 0x00000000ec2b0000)
 Metaspace       used 32036K, capacity 32488K, committed 32640K, reserved 1077248K
  class space    used 3821K, capacity 3948K, committed 3968K, reserved 1048576K
Event: 2290.265 GC heap after
Heap after GC invocations=118 (full 1):
 def new generation   total 314624K, used 9912K [0x00000000a2400000, 0x00000000b7960000, 0x00000000c1800000)
  eden space 279680K,   0% used [0x00000000a2400000, 0x00000000a2400000, 0x00000000b3520000)
  from space 34944K,  28% used [0x00000000b5740000, 0x00000000b60ee2b8, 0x00000000b7960000)
  to   space 34944K,   0% used [0x00000000b3520000, 0x00000000b3520000, 0x00000000b5740000)
 tenured generation   total 699072K, used 226569K [0x00000000c1800000, 0x00000000ec2b0000, 0x0000000100000000)
   the space 699072K,  32% used [0x00000000c1800000, 0x00000000cf5425f0, 0x00000000cf542600, 0x00000000ec2b0000)
 Metaspace       used 32036K, capacity 32488K, committed 32640K, reserved 1077248K
  class space    used 3821K, capacity 3948K, committed 3968K, reserved 1048576K
}
Event: 2308.354 GC heap before
{Heap before GC invocations=118 (full 1):
 def new generation   total 314624K, used 289592K [0x00000000a2400000, 0x00000000b7960000, 0x00000000c1800000)
  eden space 279680K, 100% used [0x00000000a2400000, 0x00000000b3520000, 0x00000000b3520000)
  from space 34944K,  28% used [0x00000000b5740000, 0x00000000b60ee2b8, 0x00000000b7960000)
  to   space 34944K,   0% used [0x00000000b3520000, 0x00000000b3520000, 0x00000000b5740000)
 tenured generation   total 699072K, used 226569K [0x00000000c1800000, 0x00000000ec2b0000, 0x0000000100000000)
   the space 699072K,  32% used [0x00000000c1800000, 0x00000000cf5425f0, 0x00000000cf542600, 0x00000000ec2b0000)
 Metaspace       used 32037K, capacity 32488K, committed 32640K, reserved 1077248K
  class space    used 3821K, capacity 3948K, committed 3968K, reserved 1048576K
Event: 2308.369 GC heap after
Heap after GC invocations=119 (full 1):
 def new generation   total 314624K, used 8836K [0x00000000a2400000, 0x00000000b7960000, 0x00000000c1800000)
  eden space 279680K,   0% used [0x00000000a2400000, 0x00000000a2400000, 0x00000000b3520000)
  from space 34944K,  25% used [0x00000000b3520000, 0x00000000b3dc10c8, 0x00000000b5740000)
  to   space 34944K,   0% used [0x00000000b5740000, 0x00000000b5740000, 0x00000000b7960000)
 tenured generation   total 699072K, used 226569K [0x00000000c1800000, 0x00000000ec2b0000, 0x0000000100000000)
   the space 699072K,  32% used [0x00000000c1800000, 0x00000000cf5425f0, 0x00000000cf542600, 0x00000000ec2b0000)
 Metaspace       used 32037K, capacity 32488K, committed 32640K, reserved 1077248K
  class space    used 3821K, capacity 3948K, committed 3968K, reserved 1048576K
}
Event: 2327.460 GC heap before
{Heap before GC invocations=119 (full 1):
 def new generation   total 314624K, used 288516K [0x00000000a2400000, 0x00000000b7960000, 0x00000000c1800000)
  eden space 279680K, 100% used [0x00000000a2400000, 0x00000000b3520000, 0x00000000b3520000)
  from space 34944K,  25% used [0x00000000b3520000, 0x00000000b3dc10c8, 0x00000000b5740000)
  to   space 34944K,   0% used [0x00000000b5740000, 0x00000000b5740000, 0x00000000b7960000)
 tenured generation   total 699072K, used 226569K [0x00000000c1800000, 0x00000000ec2b0000, 0x0000000100000000)
   the space 699072K,  32% used [0x00000000c1800000, 0x00000000cf5425f0, 0x00000000cf542600, 0x00000000ec2b0000)
 Metaspace       used 32037K, capacity 32488K, committed 32640K, reserved 1077248K
  class space    used 3821K, capacity 3948K, committed 3968K, reserved 1048576K
Event: 2327.482 GC heap after
Heap after GC invocations=120 (full 1):
 def new generation   total 314624K, used 11736K [0x00000000a2400000, 0x00000000b7960000, 0x00000000c1800000)
  eden space 279680K,   0% used [0x00000000a2400000, 0x00000000a2400000, 0x00000000b3520000)
  from space 34944K,  33% used [0x00000000b5740000, 0x00000000b62b6038, 0x00000000b7960000)
  to   space 34944K,   0% used [0x00000000b3520000, 0x00000000b3520000, 0x00000000b5740000)
 tenured generation   total 699072K, used 226731K [0x00000000c1800000, 0x00000000ec2b0000, 0x0000000100000000)
   the space 699072K,  32% used [0x00000000c1800000, 0x00000000cf56af70, 0x00000000cf56b000, 0x00000000ec2b0000)
 Metaspace       used 32037K, capacity 32488K, committed 32640K, reserved 1077248K
  class space    used 3821K, capacity 3948K, committed 3968K, reserved 1048576K
}
Event: 2343.185 GC heap before
{Heap before GC invocations=120 (full 1):
 def new generation   total 314624K, used 291416K [0x00000000a2400000, 0x00000000b7960000, 0x00000000c1800000)
  eden space 279680K, 100% used [0x00000000a2400000, 0x00000000b3520000, 0x00000000b3520000)
  from space 34944K,  33% used [0x00000000b5740000, 0x00000000b62b6038, 0x00000000b7960000)
  to   space 34944K,   0% used [0x00000000b3520000, 0x00000000b3520000, 0x00000000b5740000)
 tenured generation   total 699072K, used 226731K [0x00000000c1800000, 0x00000000ec2b0000, 0x0000000100000000)
   the space 699072K,  32% used [0x00000000c1800000, 0x00000000cf56af70, 0x00000000cf56b000, 0x00000000ec2b0000)
 Metaspace       used 32037K, capacity 32488K, committed 32640K, reserved 1077248K
  class space    used 3821K, capacity 3948K, committed 3968K, reserved 1048576K
Event: 2343.200 GC heap after
Heap after GC invocations=121 (full 1):
 def new generation   total 314624K, used 11676K [0x00000000a2400000, 0x00000000b7960000, 0x00000000c1800000)
  eden space 279680K,   0% used [0x00000000a2400000, 0x00000000a2400000, 0x00000000b3520000)
  from space 34944K,  33% used [0x00000000b3520000, 0x00000000b40870d0, 0x00000000b5740000)
  to   space 34944K,   0% used [0x00000000b5740000, 0x00000000b5740000, 0x00000000b7960000)
 tenured generation   total 699072K, used 227660K [0x00000000c1800000, 0x00000000ec2b0000, 0x0000000100000000)
   the space 699072K,  32% used [0x00000000c1800000, 0x00000000cf6530b8, 0x00000000cf653200, 0x00000000ec2b0000)
 Metaspace       used 32037K, capacity 32488K, committed 32640K, reserved 1077248K
  class space    used 3821K, capacity 3948K, committed 3968K, reserved 1048576K
}

